2022-09-08T07:08:09.835Z - log: [Package] menu@1.0.0 enable
2022-09-08T07:08:09.838Z - log: [Package] profile@1.0.0 enable
2022-09-08T07:08:09.848Z - log: [Package] project@1.0.2 enable
2022-09-08T07:08:09.853Z - log: [Package] messages@1.0.0 enable
2022-09-08T07:08:09.857Z - log: [Package] program@1.0.0 enable
2022-09-08T07:08:09.864Z - log: [Package] tester@1.0.0 enable
2022-09-08T07:08:09.868Z - log: [Package] preferences@1.0.0 enable
2022-09-08T07:08:14.739Z - log: Start Quick Compile
2022-09-08T07:08:21.194Z - log: QuickCompiler:Bundling target 0: 3.477s
2022-09-08T07:08:21.201Z - log: QuickCompiler:Compile target 0: 6.429s
2022-09-08T07:08:27.042Z - log: QuickCompiler:Bundling target 1: 3.433s
2022-09-08T07:08:27.045Z - log: QuickCompiler:Compile target 1: 5.844s
2022-09-08T07:08:27.064Z - log: Quick Compile: 12325ms
2022-09-08T07:08:27.494Z - log: Profile changed: engine (modules.includeModules: 2d,3d,animation,audio,base,custom-pipeline,debug-renderer,dragon-bones,geometry-renderer,gfx-webgl,gfx-webgl2,intersection-2d,marionette,occlusion-query,particle,particle-2d,physics-2d-box2d,physics-ammo,primitive,profiler,skeletal-animation,spine,terrain,tiled-map,tween,ui,video,webview)
2022-09-08T07:08:27.503Z - log: [Package] engine@1.0.6 enable
2022-09-08T07:08:28.482Z - log: [Package] programming@1.0.0 enable
2022-09-08T07:08:28.577Z - warn: 
2022-09-08T07:08:28.618Z - warn: 
2022-09-08T07:08:28.799Z - log: [Package] device@1.0.1 enable
2022-09-08T07:08:28.828Z - log: [Package] ui-kit@1.0.1 enable
2022-09-08T07:08:28.850Z - log: [Package] engine-extends@1.0.0 enable
2022-09-08T07:08:28.920Z - log: [Package] asset-db@1.0.0 enable
2022-09-08T07:08:28.921Z - warn: 
2022-09-08T07:08:28.965Z - log: [Package] scene@1.0.0 enable
2022-09-08T07:08:29.209Z - log: [Package] server@1.0.0 enable
2022-09-08T07:08:29.253Z - log: [Package] utils@1.0.0 enable
2022-09-08T07:08:33.187Z - warn: 
2022-09-08T07:08:33.187Z - warn: 
2022-09-08T07:08:33.187Z - warn: 
2022-09-08T07:08:33.215Z - warn: 
2022-09-08T07:08:33.215Z - warn: 
2022-09-08T07:08:33.215Z - warn: 
2022-09-08T07:08:33.261Z - warn: 
2022-09-08T07:08:33.261Z - warn: 
2022-09-08T07:08:33.263Z - warn: 
2022-09-08T07:08:35.220Z - warn: 
2022-09-08T07:08:35.293Z - log: [Package] preview@1.0.1 enable
2022-09-08T07:08:35.324Z - log: [Package] animator@1.0.0 enable
2022-09-08T07:08:35.373Z - log: pluginManager init: 0.121ms
2022-09-08T07:08:36.404Z - log: [Package] builder@1.3.3 enable
2022-09-08T07:08:36.438Z - log: [Package] shortcuts@1.0.1 enable
2022-09-08T07:08:36.473Z - log: [Package] animation-graph@1.0.0 enable
2022-09-08T07:08:36.505Z - log: [Package] about@1.0.0 enable
2022-09-08T07:08:36.539Z - log: [Package] assets@1.0.0 enable
2022-09-08T07:08:36.572Z - log: [Package] console@1.0.0 enable
2022-09-08T07:08:36.801Z - log: [Package] extension@3.0.16 enable
2022-09-08T07:08:36.829Z - log: [Package] hierarchy@1.0.0 enable
2022-09-08T07:08:36.860Z - log: [Package] inspector@1.0.0 enable
2022-09-08T07:08:36.890Z - log: [Package] lightmap@1.0.4 enable
2022-09-08T07:08:37.361Z - log: [Package] localization-editor@1.0.0 enable
2022-09-08T07:08:37.374Z - log: [Build-plugin] register pkg localization-editor: 8.768ms
2022-09-08T07:08:37.407Z - log: [Package] node-library@1.0.1 enable
2022-09-08T07:08:37.431Z - log: [Package] package-asset@1.0.0 enable
2022-09-08T07:08:37.461Z - log: [Package] process@1.0.0 enable
2022-09-08T07:08:37.493Z - log: [Package] reference-image@1.0.0 enable
2022-09-08T07:08:37.516Z - log: [Package] alipay-mini-game@1.0.1 enable
2022-09-08T07:08:37.517Z - log: [Build-plugin] register pkg alipay-mini-game: 1.588ms
2022-09-08T07:08:37.541Z - log: [Package] android@1.0.1 enable
2022-09-08T07:08:37.548Z - log: [Build-plugin] register pkg android: 6.837ms
2022-09-08T07:08:37.571Z - log: [Package] baidu-mini-game@1.0.1 enable
2022-09-08T07:08:37.575Z - log: [Build-plugin] register pkg baidu-mini-game: 3.708ms
2022-09-08T07:08:37.650Z - log: [Package] bytedance-mini-game@1.0.2 enable
2022-09-08T07:08:37.653Z - log: [Build-plugin] register pkg bytedance-mini-game: 2.82ms
2022-09-08T07:08:37.676Z - log: [Package] certificate@1.0.0 enable
2022-09-08T07:08:37.704Z - log: [Package] channel-upload-tools@1.0.0 enable
2022-09-08T07:08:37.732Z - log: [Package] cocos-play@1.0.1 enable
2022-09-08T07:08:37.737Z - log: [Build-plugin] register pkg cocos-play: 5.069ms
2022-09-08T07:08:37.763Z - log: [Package] huawei-agc@1.0.0 enable
2022-09-08T07:08:37.767Z - log: [Build-plugin] register pkg huawei-agc: 3.751ms
2022-09-08T07:08:37.791Z - log: [Package] huawei-quick-game@1.0.1 enable
2022-09-08T07:08:37.795Z - log: [Build-plugin] register pkg huawei-quick-game: 4.225ms
2022-09-08T07:08:39.368Z - log: [Package] ios@1.0.0 enable
2022-09-08T07:08:39.374Z - log: [Build-plugin] register pkg ios: 4.619ms
2022-09-08T07:08:39.399Z - log: [Package] linux@1.0.0 enable
2022-09-08T07:08:39.400Z - log: [Build-plugin] register pkg linux: 0.934ms
2022-09-08T07:08:39.424Z - log: [Package] mac@1.0.0 enable
2022-09-08T07:08:39.429Z - log: [Build-plugin] register pkg mac: 4.73ms
2022-09-08T07:08:39.564Z - log: [Package] native@1.0.2 enable
2022-09-08T07:08:39.568Z - log: [Build-plugin] register pkg native: 3.798ms
2022-09-08T07:08:39.590Z - log: [Package] ohos@1.0.0 enable
2022-09-08T07:08:39.594Z - log: [Build-plugin] register pkg ohos: 3.589ms
2022-09-08T07:08:39.616Z - log: [Package] open-harmonyos@1.0.0 enable
2022-09-08T07:08:39.617Z - log: [Build-plugin] register pkg open-harmonyos: 0.93ms
2022-09-08T07:08:39.640Z - log: [Package] oppo-mini-game@1.0.1 enable
2022-09-08T07:08:39.645Z - log: [Build-plugin] register pkg oppo-mini-game: 4.214ms
2022-09-08T07:08:39.671Z - log: [Package] runtime-dev-tools@1.0.0 enable
2022-09-08T07:08:39.698Z - log: [Package] vivo-mini-game@1.0.1 enable
2022-09-08T07:08:39.702Z - log: [Build-plugin] register pkg vivo-mini-game: 4.064ms
2022-09-08T07:08:39.747Z - log: [Package] web-desktop@1.0.1 enable
2022-09-08T07:08:39.751Z - log: [Build-plugin] register pkg web-desktop: 3.546ms
2022-09-08T07:08:39.782Z - log: [Package] web-mobile@1.0.1 enable
2022-09-08T07:08:39.786Z - log: [Build-plugin] register pkg web-mobile: 3.586ms
2022-09-08T07:08:39.823Z - log: [Package] wechatgame@1.0.2 enable
2022-09-08T07:08:39.828Z - log: [Build-plugin] register pkg wechatgame: 4.217ms
2022-09-08T07:08:39.851Z - log: [Package] windows@1.0.1 enable
2022-09-08T07:08:39.855Z - log: [Build-plugin] register pkg windows: 3.523ms
2022-09-08T07:08:39.878Z - log: [Package] xiaomi-quick-game@1.0.1 enable
2022-09-08T07:08:39.882Z - log: [Build-plugin] register pkg xiaomi-quick-game: 4.339ms
2022-09-08T07:08:40.191Z - log: [Package] cocos-service@3.0.4 enable
2022-09-08T07:08:40.198Z - log: [Build-plugin] register pkg cocos-service: 4.785ms
2022-09-08T07:08:40.227Z - log: [Package] importer@1.0.0 enable
2022-09-08T07:08:40.614Z - log: [Im-plugin] Check im-plugin version.
2022-09-08T07:08:40.619Z - log: [Package] im-plugin@3.0.9 enable
2022-09-08T07:08:40.708Z - log: [Package] simple-code@3.3.8 enable
2022-09-08T07:08:40.787Z - log: [Package] i18n@1.0.1 enable
2022-09-08T07:08:41.464Z - warn: 
2022-09-08T07:08:41.464Z - warn: 
2022-09-08T07:08:41.464Z - warn: 
2022-09-08T07:08:42.136Z - log: [Im-plugin] No online info of im-plugin.
2022-09-08T07:08:44.665Z - log: [Scene] Please specifiy a default value for "cc.EditorExtendable.__editorExtras__" property at its declaration:

 
// Before:
@property(...)
myProp;
// After:
@property(...)
myProp = 0;
2022-09-08T07:08:44.689Z - log: [Scene] Please specifiy a default value for "CCPropertyOverrideInfo.value" property at its declaration:

 
// Before:
@property(...)
myProp;
// After:
@property(...)
myProp = 0;
2022-09-08T07:08:44.690Z - log: [Scene] Please specifiy a default value for "cc.PrefabInfo.asset" property at its declaration:

 
// Before:
@property(...)
myProp;
// After:
@property(...)
myProp = 0;
2022-09-08T07:08:44.690Z - log: [Scene] Please specifiy a default value for "cc.PrefabInfo.nestedPrefabInstanceRoots" property at its declaration:

 
// Before:
@property(...)
myProp;
// After:
@property(...)
myProp = 0;
2022-09-08T07:08:44.694Z - log: [Scene] The 'default' attribute of 'ColorDesc.beginAccesses' must be an array
2022-09-08T07:08:44.694Z - log: [Scene] The 'default' attribute of 'ColorDesc.endAccesses' must be an array
2022-09-08T07:08:44.711Z - log: [Scene] Please specifiy a default value for "cc.animation.TrackBinding.proxy" property at its declaration:

 
// Before:
@property(...)
myProp;
// After:
@property(...)
myProp = 0;
2022-09-08T07:08:44.711Z - log: [Scene] Please specifiy a default value for "cc.animation.Channel._curve" property at its declaration:

 
// Before:
@property(...)
myProp;
// After:
@property(...)
myProp = 0;
2022-09-08T07:08:44.711Z - log: [Scene] Please specifiy a default value for "cc.animation.SingleChannelTrack._channel" property at its declaration:

 
// Before:
@property(...)
myProp;
// After:
@property(...)
myProp = 0;
2022-09-08T07:08:44.712Z - log: [Scene] Please specifiy a default value for "cc.animation.VectorTrack._channels" property at its declaration:

 
// Before:
@property(...)
myProp;
// After:
@property(...)
myProp = 0;
2022-09-08T07:08:44.712Z - log: [Scene] Please specifiy a default value for "cc.animation.ColorTrack._channels" property at its declaration:

 
// Before:
@property(...)
myProp;
// After:
@property(...)
myProp = 0;
2022-09-08T07:08:44.712Z - log: [Scene] Please specifiy a default value for "cc.animation.SizeTrack._channels" property at its declaration:

 
// Before:
@property(...)
myProp;
// After:
@property(...)
myProp = 0;
2022-09-08T07:08:44.713Z - log: [Scene] Please specifiy a default value for "cc.animation.Transition.from" property at its declaration:

 
// Before:
@property(...)
myProp;
// After:
@property(...)
myProp = 0;
2022-09-08T07:08:44.713Z - log: [Scene] Please specifiy a default value for "cc.animation.Transition.to" property at its declaration:

 
// Before:
@property(...)
myProp;
// After:
@property(...)
myProp = 0;
2022-09-08T07:08:44.713Z - log: [Scene] Please specifiy a default value for "cc.animation.StateMachine._entryState" property at its declaration:

 
// Before:
@property(...)
myProp;
// After:
@property(...)
myProp = 0;
2022-09-08T07:08:44.713Z - log: [Scene] Please specifiy a default value for "cc.animation.StateMachine._exitState" property at its declaration:

 
// Before:
@property(...)
myProp;
// After:
@property(...)
myProp = 0;
2022-09-08T07:08:44.713Z - log: [Scene] Please specifiy a default value for "cc.animation.StateMachine._anyState" property at its declaration:

 
// Before:
@property(...)
myProp;
// After:
@property(...)
myProp = 0;
2022-09-08T07:08:44.714Z - log: [Scene] Please specifiy a default value for "cc.animation.Layer._stateMachine" property at its declaration:

 
// Before:
@property(...)
myProp;
// After:
@property(...)
myProp = 0;
2022-09-08T07:08:44.715Z - log: [Scene] Please specifiy a default value for "cc.animation.ExoticVectorLikeTrackValues._values" property at its declaration:

 
// Before:
@property(...)
myProp;
// After:
@property(...)
myProp = 0;
2022-09-08T07:08:44.715Z - log: [Scene] Please specifiy a default value for "cc.animation.ExoticVectorLikeTrackValues._isQuantized" property at its declaration:

 
// Before:
@property(...)
myProp;
// After:
@property(...)
myProp = 0;
2022-09-08T07:08:44.715Z - log: [Scene] Please specifiy a default value for "cc.animation.ExoticTrack.times" property at its declaration:

 
// Before:
@property(...)
myProp;
// After:
@property(...)
myProp = 0;
2022-09-08T07:08:44.715Z - log: [Scene] Please specifiy a default value for "cc.animation.ExoticTrack.values" property at its declaration:

 
// Before:
@property(...)
myProp;
// After:
@property(...)
myProp = 0;
2022-09-08T07:08:44.715Z - log: [Scene] Please specifiy a default value for "cc.animation.QuantizedFloatArray.originalPrecision" property at its declaration:

 
// Before:
@property(...)
myProp;
// After:
@property(...)
myProp = 0;
2022-09-08T07:08:44.715Z - log: [Scene] Please specifiy a default value for "cc.animation.QuantizedFloatArray.min" property at its declaration:

 
// Before:
@property(...)
myProp;
// After:
@property(...)
myProp = 0;
2022-09-08T07:08:44.715Z - log: [Scene] Please specifiy a default value for "cc.animation.QuantizedFloatArray.extent" property at its declaration:

 
// Before:
@property(...)
myProp;
// After:
@property(...)
myProp = 0;
2022-09-08T07:08:44.715Z - log: [Scene] Please specifiy a default value for "cc.animation.QuantizedFloatArray.values" property at its declaration:

 
// Before:
@property(...)
myProp;
// After:
@property(...)
myProp = 0;
2022-09-08T07:08:44.754Z - log: [Scene] 'cc.ParticleSystem2D.color' hides inherited property 'cc.UIRenderer.color'. To make the current property override that implementation, add the `override: true` attribute please.
2022-09-08T07:08:44.802Z - log: [Scene] No needs to indicate the 'cc.Boolean' attribute for "cc.Terrain._receiveShadow", which its default value is type of Boolean.
2022-09-08T07:08:44.803Z - log: [Scene] No needs to indicate the 'cc.Boolean' attribute for "cc.Terrain._useNormalmap", which its default value is type of Boolean.
2022-09-08T07:08:44.803Z - log: [Scene] No needs to indicate the 'cc.Boolean' attribute for "cc.Terrain._usePBR", which its default value is type of Boolean.
2022-09-08T07:08:44.803Z - log: [Scene] No needs to indicate the 'cc.Boolean' attribute for "cc.Terrain._lodEnable", which its default value is type of Boolean.
2022-09-08T07:08:44.909Z - info: [Scene] [Physics][Bullet]: Using asmjs Bullet libs.
2022-09-08T07:08:44.919Z - info: [Scene] [PHYSICS]: using builtin.
2022-09-08T07:08:45.248Z - warn: Cocos Service --- Cocos Analytics service is enabled, but the service pack is not detected and is being installed for you. . .
2022-09-08T07:08:45.061Z - log: [Scene] Cocos Creator v3.6.0
2022-09-08T07:08:45.061Z - info: [Scene] Forward render pipeline initialized.
2022-09-08T07:08:45.504Z - warn: [Scene] 'ToggleContainerComponent' is deprecated since v1.2.0, please use 'ToggleContainer' instead.Error: [Scene] 'ToggleContainerComponent' is deprecated since v1.2.0, please use 'ToggleContainer' instead.
    at warn (/Applications/CocosCreator/Creator/3.6.0/CocosCreator.app/Contents/Resources/resources/3d/engine/bin/.cache/dev/editor/bundled/index.js:140020:12)
    at warnID (/Applications/CocosCreator/Creator/3.6.0/CocosCreator.app/Contents/Resources/resources/3d/engine/bin/.cache/dev/editor/bundled/index.js:140234:5)
    at _checkObsoleteByName (/Applications/CocosCreator/Creator/3.6.0/CocosCreator.app/Contents/Resources/resources/3d/engine/bin/.cache/dev/editor/bundled/index.js:164871:7)
    at __checkObsolete__ (/Applications/CocosCreator/Creator/3.6.0/CocosCreator.app/Contents/Resources/resources/3d/engine/bin/.cache/dev/editor/bundled/index.js:164891:7)
    at Object.execute (file:///Volumes/D/YAN/Numerology36/temp/programming/packer-driver/targets/editor/chunks/1c/1cdb947bf7198bd021177cc252dc0f27fb61acdd.js:54:7)
    at doExec (/Applications/CocosCreator/Creator/3.6.0/CocosCreator.app/Contents/Resources/app.asar/node_modules/@editor/lib-programming/static/executor/systemjs-bridge/out/index.js:517:30)
    at postOrderExec (/Applications/CocosCreator/Creator/3.6.0/CocosCreator.app/Contents/Resources/app.asar/node_modules/@editor/lib-programming/static/executor/systemjs-bridge/out/index.js:508:21)
2022-09-08T07:08:45.578Z - warn: [Scene] 'ToggleComponent' is deprecated since v1.2.0, please use 'Toggle' instead.Error: [Scene] 'ToggleComponent' is deprecated since v1.2.0, please use 'Toggle' instead.
    at warn (/Applications/CocosCreator/Creator/3.6.0/CocosCreator.app/Contents/Resources/resources/3d/engine/bin/.cache/dev/editor/bundled/index.js:140020:12)
    at warnID (/Applications/CocosCreator/Creator/3.6.0/CocosCreator.app/Contents/Resources/resources/3d/engine/bin/.cache/dev/editor/bundled/index.js:140234:5)
    at _checkObsoleteByName (/Applications/CocosCreator/Creator/3.6.0/CocosCreator.app/Contents/Resources/resources/3d/engine/bin/.cache/dev/editor/bundled/index.js:164871:7)
    at __checkObsolete__ (/Applications/CocosCreator/Creator/3.6.0/CocosCreator.app/Contents/Resources/resources/3d/engine/bin/.cache/dev/editor/bundled/index.js:164891:7)
    at Object.execute (file:///Volumes/D/YAN/Numerology36/temp/programming/packer-driver/targets/editor/chunks/1c/1cdb947bf7198bd021177cc252dc0f27fb61acdd.js:54:7)
    at doExec (/Applications/CocosCreator/Creator/3.6.0/CocosCreator.app/Contents/Resources/app.asar/node_modules/@editor/lib-programming/static/executor/systemjs-bridge/out/index.js:517:30)
    at postOrderExec (/Applications/CocosCreator/Creator/3.6.0/CocosCreator.app/Contents/Resources/app.asar/node_modules/@editor/lib-programming/static/executor/systemjs-bridge/out/index.js:508:21)
2022-09-08T07:08:45.586Z - info: [Scene] [PHYSICS]: switch from builtin to bullet.
2022-09-08T07:08:45.915Z - warn: Cocos Service --- Cocos Analytics service is enabled, but the service pack is not detected and is being installed for you. . .
2022-09-08T07:11:07.978Z - log: [Window] Deprecated as of 10.7.0. highlight(lang, code, ...args) has been deprecated.
2022-09-08T07:11:07.978Z - log: [Window] Deprecated as of 10.7.0. Please use highlight(code, options) instead.
https://github.com/highlightjs/highlight.js/issues/2277
2022-09-08T07:11:08.048Z - warn: Please set the application in Preferences -> External Programs -> Default Script Editor to better open the script
2022-09-08T07:28:02.450Z - warn: [Scene] 'ToggleContainerComponent' is deprecated since v1.2.0, please use 'ToggleContainer' instead.Error: [Scene] 'ToggleContainerComponent' is deprecated since v1.2.0, please use 'ToggleContainer' instead.
    at warn (/Applications/CocosCreator/Creator/3.6.0/CocosCreator.app/Contents/Resources/resources/3d/engine/bin/.cache/dev/editor/bundled/index.js:140020:12)
    at warnID (/Applications/CocosCreator/Creator/3.6.0/CocosCreator.app/Contents/Resources/resources/3d/engine/bin/.cache/dev/editor/bundled/index.js:140234:5)
    at _checkObsoleteByName (/Applications/CocosCreator/Creator/3.6.0/CocosCreator.app/Contents/Resources/resources/3d/engine/bin/.cache/dev/editor/bundled/index.js:164871:7)
    at __checkObsolete__ (/Applications/CocosCreator/Creator/3.6.0/CocosCreator.app/Contents/Resources/resources/3d/engine/bin/.cache/dev/editor/bundled/index.js:164891:7)
    at Object.execute (file:///Volumes/D/YAN/Numerology36/temp/programming/packer-driver/targets/editor/chunks/2a/2a1460822082015e061a5093f1db275a64c1f6fa.js:54:7)
    at doExec (/Applications/CocosCreator/Creator/3.6.0/CocosCreator.app/Contents/Resources/app.asar/node_modules/@editor/lib-programming/static/executor/systemjs-bridge/out/index.js:517:30)
    at postOrderExec (/Applications/CocosCreator/Creator/3.6.0/CocosCreator.app/Contents/Resources/app.asar/node_modules/@editor/lib-programming/static/executor/systemjs-bridge/out/index.js:508:21)
2022-09-08T07:28:02.461Z - warn: [Scene] 'ToggleComponent' is deprecated since v1.2.0, please use 'Toggle' instead.Error: [Scene] 'ToggleComponent' is deprecated since v1.2.0, please use 'Toggle' instead.
    at warn (/Applications/CocosCreator/Creator/3.6.0/CocosCreator.app/Contents/Resources/resources/3d/engine/bin/.cache/dev/editor/bundled/index.js:140020:12)
    at warnID (/Applications/CocosCreator/Creator/3.6.0/CocosCreator.app/Contents/Resources/resources/3d/engine/bin/.cache/dev/editor/bundled/index.js:140234:5)
    at _checkObsoleteByName (/Applications/CocosCreator/Creator/3.6.0/CocosCreator.app/Contents/Resources/resources/3d/engine/bin/.cache/dev/editor/bundled/index.js:164871:7)
    at __checkObsolete__ (/Applications/CocosCreator/Creator/3.6.0/CocosCreator.app/Contents/Resources/resources/3d/engine/bin/.cache/dev/editor/bundled/index.js:164891:7)
    at Object.execute (file:///Volumes/D/YAN/Numerology36/temp/programming/packer-driver/targets/editor/chunks/2a/2a1460822082015e061a5093f1db275a64c1f6fa.js:54:7)
    at doExec (/Applications/CocosCreator/Creator/3.6.0/CocosCreator.app/Contents/Resources/app.asar/node_modules/@editor/lib-programming/static/executor/systemjs-bridge/out/index.js:517:30)
    at postOrderExec (/Applications/CocosCreator/Creator/3.6.0/CocosCreator.app/Contents/Resources/app.asar/node_modules/@editor/lib-programming/static/executor/systemjs-bridge/out/index.js:508:21)
2022-09-08T07:28:46.128Z - warn: [Scene] 'ToggleContainerComponent' is deprecated since v1.2.0, please use 'ToggleContainer' instead.Error: [Scene] 'ToggleContainerComponent' is deprecated since v1.2.0, please use 'ToggleContainer' instead.
    at warn (/Applications/CocosCreator/Creator/3.6.0/CocosCreator.app/Contents/Resources/resources/3d/engine/bin/.cache/dev/editor/bundled/index.js:140020:12)
    at warnID (/Applications/CocosCreator/Creator/3.6.0/CocosCreator.app/Contents/Resources/resources/3d/engine/bin/.cache/dev/editor/bundled/index.js:140234:5)
    at _checkObsoleteByName (/Applications/CocosCreator/Creator/3.6.0/CocosCreator.app/Contents/Resources/resources/3d/engine/bin/.cache/dev/editor/bundled/index.js:164871:7)
    at __checkObsolete__ (/Applications/CocosCreator/Creator/3.6.0/CocosCreator.app/Contents/Resources/resources/3d/engine/bin/.cache/dev/editor/bundled/index.js:164891:7)
    at Object.execute (file:///Volumes/D/YAN/Numerology36/temp/programming/packer-driver/targets/editor/chunks/2a/2a1460822082015e061a5093f1db275a64c1f6fa.js:54:7)
    at doExec (/Applications/CocosCreator/Creator/3.6.0/CocosCreator.app/Contents/Resources/app.asar/node_modules/@editor/lib-programming/static/executor/systemjs-bridge/out/index.js:517:30)
    at postOrderExec (/Applications/CocosCreator/Creator/3.6.0/CocosCreator.app/Contents/Resources/app.asar/node_modules/@editor/lib-programming/static/executor/systemjs-bridge/out/index.js:508:21)
2022-09-08T07:28:46.128Z - warn: [Scene] 'ToggleComponent' is deprecated since v1.2.0, please use 'Toggle' instead.Error: [Scene] 'ToggleComponent' is deprecated since v1.2.0, please use 'Toggle' instead.
    at warn (/Applications/CocosCreator/Creator/3.6.0/CocosCreator.app/Contents/Resources/resources/3d/engine/bin/.cache/dev/editor/bundled/index.js:140020:12)
    at warnID (/Applications/CocosCreator/Creator/3.6.0/CocosCreator.app/Contents/Resources/resources/3d/engine/bin/.cache/dev/editor/bundled/index.js:140234:5)
    at _checkObsoleteByName (/Applications/CocosCreator/Creator/3.6.0/CocosCreator.app/Contents/Resources/resources/3d/engine/bin/.cache/dev/editor/bundled/index.js:164871:7)
    at __checkObsolete__ (/Applications/CocosCreator/Creator/3.6.0/CocosCreator.app/Contents/Resources/resources/3d/engine/bin/.cache/dev/editor/bundled/index.js:164891:7)
    at Object.execute (file:///Volumes/D/YAN/Numerology36/temp/programming/packer-driver/targets/editor/chunks/2a/2a1460822082015e061a5093f1db275a64c1f6fa.js:54:7)
    at doExec (/Applications/CocosCreator/Creator/3.6.0/CocosCreator.app/Contents/Resources/app.asar/node_modules/@editor/lib-programming/static/executor/systemjs-bridge/out/index.js:517:30)
    at postOrderExec (/Applications/CocosCreator/Creator/3.6.0/CocosCreator.app/Contents/Resources/app.asar/node_modules/@editor/lib-programming/static/executor/systemjs-bridge/out/index.js:508:21)
2022-09-08T07:37:05.458Z - warn: [Scene] 'ToggleContainerComponent' is deprecated since v1.2.0, please use 'ToggleContainer' instead.Error: [Scene] 'ToggleContainerComponent' is deprecated since v1.2.0, please use 'ToggleContainer' instead.
    at warn (/Applications/CocosCreator/Creator/3.6.0/CocosCreator.app/Contents/Resources/resources/3d/engine/bin/.cache/dev/editor/bundled/index.js:140020:12)
    at warnID (/Applications/CocosCreator/Creator/3.6.0/CocosCreator.app/Contents/Resources/resources/3d/engine/bin/.cache/dev/editor/bundled/index.js:140234:5)
    at _checkObsoleteByName (/Applications/CocosCreator/Creator/3.6.0/CocosCreator.app/Contents/Resources/resources/3d/engine/bin/.cache/dev/editor/bundled/index.js:164871:7)
    at __checkObsolete__ (/Applications/CocosCreator/Creator/3.6.0/CocosCreator.app/Contents/Resources/resources/3d/engine/bin/.cache/dev/editor/bundled/index.js:164891:7)
    at Object.execute (file:///Volumes/D/YAN/Numerology36/temp/programming/packer-driver/targets/editor/chunks/2a/2a1460822082015e061a5093f1db275a64c1f6fa.js:54:7)
    at doExec (/Applications/CocosCreator/Creator/3.6.0/CocosCreator.app/Contents/Resources/app.asar/node_modules/@editor/lib-programming/static/executor/systemjs-bridge/out/index.js:517:30)
    at postOrderExec (/Applications/CocosCreator/Creator/3.6.0/CocosCreator.app/Contents/Resources/app.asar/node_modules/@editor/lib-programming/static/executor/systemjs-bridge/out/index.js:508:21)
2022-09-08T07:37:05.458Z - warn: [Scene] 'ToggleComponent' is deprecated since v1.2.0, please use 'Toggle' instead.Error: [Scene] 'ToggleComponent' is deprecated since v1.2.0, please use 'Toggle' instead.
    at warn (/Applications/CocosCreator/Creator/3.6.0/CocosCreator.app/Contents/Resources/resources/3d/engine/bin/.cache/dev/editor/bundled/index.js:140020:12)
    at warnID (/Applications/CocosCreator/Creator/3.6.0/CocosCreator.app/Contents/Resources/resources/3d/engine/bin/.cache/dev/editor/bundled/index.js:140234:5)
    at _checkObsoleteByName (/Applications/CocosCreator/Creator/3.6.0/CocosCreator.app/Contents/Resources/resources/3d/engine/bin/.cache/dev/editor/bundled/index.js:164871:7)
    at __checkObsolete__ (/Applications/CocosCreator/Creator/3.6.0/CocosCreator.app/Contents/Resources/resources/3d/engine/bin/.cache/dev/editor/bundled/index.js:164891:7)
    at Object.execute (file:///Volumes/D/YAN/Numerology36/temp/programming/packer-driver/targets/editor/chunks/2a/2a1460822082015e061a5093f1db275a64c1f6fa.js:54:7)
    at doExec (/Applications/CocosCreator/Creator/3.6.0/CocosCreator.app/Contents/Resources/app.asar/node_modules/@editor/lib-programming/static/executor/systemjs-bridge/out/index.js:517:30)
    at postOrderExec (/Applications/CocosCreator/Creator/3.6.0/CocosCreator.app/Contents/Resources/app.asar/node_modules/@editor/lib-programming/static/executor/systemjs-bridge/out/index.js:508:21)
2022-09-08T07:41:17.807Z - warn: [Scene] 'ToggleContainerComponent' is deprecated since v1.2.0, please use 'ToggleContainer' instead.Error: [Scene] 'ToggleContainerComponent' is deprecated since v1.2.0, please use 'ToggleContainer' instead.
    at warn (/Applications/CocosCreator/Creator/3.6.0/CocosCreator.app/Contents/Resources/resources/3d/engine/bin/.cache/dev/editor/bundled/index.js:140020:12)
    at warnID (/Applications/CocosCreator/Creator/3.6.0/CocosCreator.app/Contents/Resources/resources/3d/engine/bin/.cache/dev/editor/bundled/index.js:140234:5)
    at _checkObsoleteByName (/Applications/CocosCreator/Creator/3.6.0/CocosCreator.app/Contents/Resources/resources/3d/engine/bin/.cache/dev/editor/bundled/index.js:164871:7)
    at __checkObsolete__ (/Applications/CocosCreator/Creator/3.6.0/CocosCreator.app/Contents/Resources/resources/3d/engine/bin/.cache/dev/editor/bundled/index.js:164891:7)
    at Object.execute (file:///Volumes/D/YAN/Numerology36/temp/programming/packer-driver/targets/editor/chunks/2a/2a1460822082015e061a5093f1db275a64c1f6fa.js:54:7)
    at doExec (/Applications/CocosCreator/Creator/3.6.0/CocosCreator.app/Contents/Resources/app.asar/node_modules/@editor/lib-programming/static/executor/systemjs-bridge/out/index.js:517:30)
    at postOrderExec (/Applications/CocosCreator/Creator/3.6.0/CocosCreator.app/Contents/Resources/app.asar/node_modules/@editor/lib-programming/static/executor/systemjs-bridge/out/index.js:508:21)
2022-09-08T07:41:17.807Z - warn: [Scene] 'ToggleComponent' is deprecated since v1.2.0, please use 'Toggle' instead.Error: [Scene] 'ToggleComponent' is deprecated since v1.2.0, please use 'Toggle' instead.
    at warn (/Applications/CocosCreator/Creator/3.6.0/CocosCreator.app/Contents/Resources/resources/3d/engine/bin/.cache/dev/editor/bundled/index.js:140020:12)
    at warnID (/Applications/CocosCreator/Creator/3.6.0/CocosCreator.app/Contents/Resources/resources/3d/engine/bin/.cache/dev/editor/bundled/index.js:140234:5)
    at _checkObsoleteByName (/Applications/CocosCreator/Creator/3.6.0/CocosCreator.app/Contents/Resources/resources/3d/engine/bin/.cache/dev/editor/bundled/index.js:164871:7)
    at __checkObsolete__ (/Applications/CocosCreator/Creator/3.6.0/CocosCreator.app/Contents/Resources/resources/3d/engine/bin/.cache/dev/editor/bundled/index.js:164891:7)
    at Object.execute (file:///Volumes/D/YAN/Numerology36/temp/programming/packer-driver/targets/editor/chunks/2a/2a1460822082015e061a5093f1db275a64c1f6fa.js:54:7)
    at doExec (/Applications/CocosCreator/Creator/3.6.0/CocosCreator.app/Contents/Resources/app.asar/node_modules/@editor/lib-programming/static/executor/systemjs-bridge/out/index.js:517:30)
    at postOrderExec (/Applications/CocosCreator/Creator/3.6.0/CocosCreator.app/Contents/Resources/app.asar/node_modules/@editor/lib-programming/static/executor/systemjs-bridge/out/index.js:508:21)
2022-09-08T07:59:02.240Z - info: [Window] Download the Vue Devtools extension for a better development experience:
https://github.com/vuejs/vue-devtools
2022-09-08T07:59:02.240Z - info: [Window] You are running Vue in development mode.
Make sure to turn on production mode when deploying for production.
See more tips at https://vuejs.org/guide/deployment.html
2022-09-08T07:59:21.344Z - warn: [Build] 'ToggleContainerComponent' is deprecated since v1.2.0, please use 'ToggleContainer' instead.[Build] 'ToggleContainerComponent' is deprecated since v1.2.0, please use 'ToggleContainer' instead.  
at NewConsole.warn (/Applications/CocosCreator/Creator/3.6.0/CocosCreator.app/Contents/Resources/app.asar/builtin/builder/dist/worker/console.ccc:1:1306)  
at warn (/Applications/CocosCreator/Creator/3.6.0/CocosCreator.app/Contents/Resources/resources/3d/engine/bin/.cache/dev/editor/bundled/index.js:140020:12)  
at warnID (/Applications/CocosCreator/Creator/3.6.0/CocosCreator.app/Contents/Resources/resources/3d/engine/bin/.cache/dev/editor/bundled/index.js:140234:5)  
at _checkObsoleteByName (/Applications/CocosCreator/Creator/3.6.0/CocosCreator.app/Contents/Resources/resources/3d/engine/bin/.cache/dev/editor/bundled/index.js:164871:7)  
at __checkObsolete__ (/Applications/CocosCreator/Creator/3.6.0/CocosCreator.app/Contents/Resources/resources/3d/engine/bin/.cache/dev/editor/bundled/index.js:164891:7)  
at Object.execute (file:///Volumes/D/YAN/Numerology36/temp/programming/packer-driver/targets/editor/chunks/2a/2a1460822082015e061a5093f1db275a64c1f6fa.js:54:7)
2022-09-08T07:59:21.429Z - warn: [Build] 'ToggleComponent' is deprecated since v1.2.0, please use 'Toggle' instead.[Build] 'ToggleComponent' is deprecated since v1.2.0, please use 'Toggle' instead.  
at NewConsole.warn (/Applications/CocosCreator/Creator/3.6.0/CocosCreator.app/Contents/Resources/app.asar/builtin/builder/dist/worker/console.ccc:1:1306)  
at warn (/Applications/CocosCreator/Creator/3.6.0/CocosCreator.app/Contents/Resources/resources/3d/engine/bin/.cache/dev/editor/bundled/index.js:140020:12)  
at warnID (/Applications/CocosCreator/Creator/3.6.0/CocosCreator.app/Contents/Resources/resources/3d/engine/bin/.cache/dev/editor/bundled/index.js:140234:5)  
at _checkObsoleteByName (/Applications/CocosCreator/Creator/3.6.0/CocosCreator.app/Contents/Resources/resources/3d/engine/bin/.cache/dev/editor/bundled/index.js:164871:7)  
at __checkObsolete__ (/Applications/CocosCreator/Creator/3.6.0/CocosCreator.app/Contents/Resources/resources/3d/engine/bin/.cache/dev/editor/bundled/index.js:164891:7)  
at Object.execute (file:///Volumes/D/YAN/Numerology36/temp/programming/packer-driver/targets/editor/chunks/2a/2a1460822082015e061a5093f1db275a64c1f6fa.js:54:7)
2022-09-08T08:35:26.484Z - warn: 
2022-09-08T09:00:18.089Z - warn: [Scene] 'ToggleContainerComponent' is deprecated since v1.2.0, please use 'ToggleContainer' instead.Error: [Scene] 'ToggleContainerComponent' is deprecated since v1.2.0, please use 'ToggleContainer' instead.
    at warn (/Applications/CocosCreator/Creator/3.6.0/CocosCreator.app/Contents/Resources/resources/3d/engine/bin/.cache/dev/editor/bundled/index.js:140020:12)
    at warnID (/Applications/CocosCreator/Creator/3.6.0/CocosCreator.app/Contents/Resources/resources/3d/engine/bin/.cache/dev/editor/bundled/index.js:140234:5)
    at _checkObsoleteByName (/Applications/CocosCreator/Creator/3.6.0/CocosCreator.app/Contents/Resources/resources/3d/engine/bin/.cache/dev/editor/bundled/index.js:164871:7)
    at __checkObsolete__ (/Applications/CocosCreator/Creator/3.6.0/CocosCreator.app/Contents/Resources/resources/3d/engine/bin/.cache/dev/editor/bundled/index.js:164891:7)
    at Object.execute (file:///Volumes/D/YAN/Numerology36/temp/programming/packer-driver/targets/editor/chunks/2a/2a1460822082015e061a5093f1db275a64c1f6fa.js:54:7)
    at doExec (/Applications/CocosCreator/Creator/3.6.0/CocosCreator.app/Contents/Resources/app.asar/node_modules/@editor/lib-programming/static/executor/systemjs-bridge/out/index.js:517:30)
    at postOrderExec (/Applications/CocosCreator/Creator/3.6.0/CocosCreator.app/Contents/Resources/app.asar/node_modules/@editor/lib-programming/static/executor/systemjs-bridge/out/index.js:508:21)
2022-09-08T09:00:18.092Z - warn: [Scene] 'ToggleComponent' is deprecated since v1.2.0, please use 'Toggle' instead.Error: [Scene] 'ToggleComponent' is deprecated since v1.2.0, please use 'Toggle' instead.
    at warn (/Applications/CocosCreator/Creator/3.6.0/CocosCreator.app/Contents/Resources/resources/3d/engine/bin/.cache/dev/editor/bundled/index.js:140020:12)
    at warnID (/Applications/CocosCreator/Creator/3.6.0/CocosCreator.app/Contents/Resources/resources/3d/engine/bin/.cache/dev/editor/bundled/index.js:140234:5)
    at _checkObsoleteByName (/Applications/CocosCreator/Creator/3.6.0/CocosCreator.app/Contents/Resources/resources/3d/engine/bin/.cache/dev/editor/bundled/index.js:164871:7)
    at __checkObsolete__ (/Applications/CocosCreator/Creator/3.6.0/CocosCreator.app/Contents/Resources/resources/3d/engine/bin/.cache/dev/editor/bundled/index.js:164891:7)
    at Object.execute (file:///Volumes/D/YAN/Numerology36/temp/programming/packer-driver/targets/editor/chunks/2a/2a1460822082015e061a5093f1db275a64c1f6fa.js:54:7)
    at doExec (/Applications/CocosCreator/Creator/3.6.0/CocosCreator.app/Contents/Resources/app.asar/node_modules/@editor/lib-programming/static/executor/systemjs-bridge/out/index.js:517:30)
    at postOrderExec (/Applications/CocosCreator/Creator/3.6.0/CocosCreator.app/Contents/Resources/app.asar/node_modules/@editor/lib-programming/static/executor/systemjs-bridge/out/index.js:508:21)
2022-09-08T09:02:38.829Z - warn: [Scene] 'ToggleContainerComponent' is deprecated since v1.2.0, please use 'ToggleContainer' instead.Error: [Scene] 'ToggleContainerComponent' is deprecated since v1.2.0, please use 'ToggleContainer' instead.
    at warn (/Applications/CocosCreator/Creator/3.6.0/CocosCreator.app/Contents/Resources/resources/3d/engine/bin/.cache/dev/editor/bundled/index.js:140020:12)
    at warnID (/Applications/CocosCreator/Creator/3.6.0/CocosCreator.app/Contents/Resources/resources/3d/engine/bin/.cache/dev/editor/bundled/index.js:140234:5)
    at _checkObsoleteByName (/Applications/CocosCreator/Creator/3.6.0/CocosCreator.app/Contents/Resources/resources/3d/engine/bin/.cache/dev/editor/bundled/index.js:164871:7)
    at __checkObsolete__ (/Applications/CocosCreator/Creator/3.6.0/CocosCreator.app/Contents/Resources/resources/3d/engine/bin/.cache/dev/editor/bundled/index.js:164891:7)
    at Object.execute (file:///Volumes/D/YAN/Numerology36/temp/programming/packer-driver/targets/editor/chunks/2a/2a1460822082015e061a5093f1db275a64c1f6fa.js:54:7)
    at doExec (/Applications/CocosCreator/Creator/3.6.0/CocosCreator.app/Contents/Resources/app.asar/node_modules/@editor/lib-programming/static/executor/systemjs-bridge/out/index.js:517:30)
    at postOrderExec (/Applications/CocosCreator/Creator/3.6.0/CocosCreator.app/Contents/Resources/app.asar/node_modules/@editor/lib-programming/static/executor/systemjs-bridge/out/index.js:508:21)
2022-09-08T09:02:38.829Z - warn: [Scene] 'ToggleComponent' is deprecated since v1.2.0, please use 'Toggle' instead.Error: [Scene] 'ToggleComponent' is deprecated since v1.2.0, please use 'Toggle' instead.
    at warn (/Applications/CocosCreator/Creator/3.6.0/CocosCreator.app/Contents/Resources/resources/3d/engine/bin/.cache/dev/editor/bundled/index.js:140020:12)
    at warnID (/Applications/CocosCreator/Creator/3.6.0/CocosCreator.app/Contents/Resources/resources/3d/engine/bin/.cache/dev/editor/bundled/index.js:140234:5)
    at _checkObsoleteByName (/Applications/CocosCreator/Creator/3.6.0/CocosCreator.app/Contents/Resources/resources/3d/engine/bin/.cache/dev/editor/bundled/index.js:164871:7)
    at __checkObsolete__ (/Applications/CocosCreator/Creator/3.6.0/CocosCreator.app/Contents/Resources/resources/3d/engine/bin/.cache/dev/editor/bundled/index.js:164891:7)
    at Object.execute (file:///Volumes/D/YAN/Numerology36/temp/programming/packer-driver/targets/editor/chunks/2a/2a1460822082015e061a5093f1db275a64c1f6fa.js:54:7)
    at doExec (/Applications/CocosCreator/Creator/3.6.0/CocosCreator.app/Contents/Resources/app.asar/node_modules/@editor/lib-programming/static/executor/systemjs-bridge/out/index.js:517:30)
    at postOrderExec (/Applications/CocosCreator/Creator/3.6.0/CocosCreator.app/Contents/Resources/app.asar/node_modules/@editor/lib-programming/static/executor/systemjs-bridge/out/index.js:508:21)
2022-09-08T09:02:44.456Z - error: [Preview]Cannot read properties of undefined (reading 'includes')errorInfo.stack ? '/n TypeError: Cannot read properties of undefined (reading 'includes')
    at http://localhost:7111/preview-app/index.js:1:2644' : ''
2022-09-08T09:02:44.459Z - error: [Preview]Cannot read properties of undefined (reading 'toString')errorInfo.stack ? '/n TypeError: Cannot read properties of undefined (reading 'toString')
    at http://localhost:7111/scripting/x/chunks/63/632ba3a17643dd1d09e9d17bac457332e53f5428.js:210:67
    at http://localhost:7111/scripting/engine/bin/.cache/dev/preview/bundled/index.js:85298:17
    at http://localhost:7111/scripting/engine/bin/.cache/dev/preview/bundled/index.js:92034:9
    at http://localhost:7111/scripting/engine/bin/.cache/dev/preview/bundled/index.js:152880:9' : ''
2022-09-08T09:03:48.032Z - warn: [Scene] 'ToggleContainerComponent' is deprecated since v1.2.0, please use 'ToggleContainer' instead.Error: [Scene] 'ToggleContainerComponent' is deprecated since v1.2.0, please use 'ToggleContainer' instead.
    at warn (/Applications/CocosCreator/Creator/3.6.0/CocosCreator.app/Contents/Resources/resources/3d/engine/bin/.cache/dev/editor/bundled/index.js:140020:12)
    at warnID (/Applications/CocosCreator/Creator/3.6.0/CocosCreator.app/Contents/Resources/resources/3d/engine/bin/.cache/dev/editor/bundled/index.js:140234:5)
    at _checkObsoleteByName (/Applications/CocosCreator/Creator/3.6.0/CocosCreator.app/Contents/Resources/resources/3d/engine/bin/.cache/dev/editor/bundled/index.js:164871:7)
    at __checkObsolete__ (/Applications/CocosCreator/Creator/3.6.0/CocosCreator.app/Contents/Resources/resources/3d/engine/bin/.cache/dev/editor/bundled/index.js:164891:7)
    at Object.execute (file:///Volumes/D/YAN/Numerology36/temp/programming/packer-driver/targets/editor/chunks/2a/2a1460822082015e061a5093f1db275a64c1f6fa.js:54:7)
    at doExec (/Applications/CocosCreator/Creator/3.6.0/CocosCreator.app/Contents/Resources/app.asar/node_modules/@editor/lib-programming/static/executor/systemjs-bridge/out/index.js:517:30)
    at postOrderExec (/Applications/CocosCreator/Creator/3.6.0/CocosCreator.app/Contents/Resources/app.asar/node_modules/@editor/lib-programming/static/executor/systemjs-bridge/out/index.js:508:21)
2022-09-08T09:03:48.032Z - warn: [Scene] 'ToggleComponent' is deprecated since v1.2.0, please use 'Toggle' instead.Error: [Scene] 'ToggleComponent' is deprecated since v1.2.0, please use 'Toggle' instead.
    at warn (/Applications/CocosCreator/Creator/3.6.0/CocosCreator.app/Contents/Resources/resources/3d/engine/bin/.cache/dev/editor/bundled/index.js:140020:12)
    at warnID (/Applications/CocosCreator/Creator/3.6.0/CocosCreator.app/Contents/Resources/resources/3d/engine/bin/.cache/dev/editor/bundled/index.js:140234:5)
    at _checkObsoleteByName (/Applications/CocosCreator/Creator/3.6.0/CocosCreator.app/Contents/Resources/resources/3d/engine/bin/.cache/dev/editor/bundled/index.js:164871:7)
    at __checkObsolete__ (/Applications/CocosCreator/Creator/3.6.0/CocosCreator.app/Contents/Resources/resources/3d/engine/bin/.cache/dev/editor/bundled/index.js:164891:7)
    at Object.execute (file:///Volumes/D/YAN/Numerology36/temp/programming/packer-driver/targets/editor/chunks/2a/2a1460822082015e061a5093f1db275a64c1f6fa.js:54:7)
    at doExec (/Applications/CocosCreator/Creator/3.6.0/CocosCreator.app/Contents/Resources/app.asar/node_modules/@editor/lib-programming/static/executor/systemjs-bridge/out/index.js:517:30)
    at postOrderExec (/Applications/CocosCreator/Creator/3.6.0/CocosCreator.app/Contents/Resources/app.asar/node_modules/@editor/lib-programming/static/executor/systemjs-bridge/out/index.js:508:21)
2022-09-08T09:04:03.611Z - error: [Preview]Cannot read properties of undefined (reading 'toString')errorInfo.stack ? '/n TypeError: Cannot read properties of undefined (reading 'toString')
    at http://localhost:7111/scripting/x/chunks/e0/e03a62ffcbf587bf21a35a454e62dfcd92d2e8d9.js:214:69
    at http://localhost:7111/scripting/engine/bin/.cache/dev/preview/bundled/index.js:85245:17
    at http://localhost:7111/scripting/engine/bin/.cache/dev/preview/bundled/index.js:92034:9
    at http://localhost:7111/scripting/engine/bin/.cache/dev/preview/bundled/index.js:152880:9' : ''
2022-09-08T09:04:26.257Z - warn: [Scene] 'ToggleContainerComponent' is deprecated since v1.2.0, please use 'ToggleContainer' instead.Error: [Scene] 'ToggleContainerComponent' is deprecated since v1.2.0, please use 'ToggleContainer' instead.
    at warn (/Applications/CocosCreator/Creator/3.6.0/CocosCreator.app/Contents/Resources/resources/3d/engine/bin/.cache/dev/editor/bundled/index.js:140020:12)
    at warnID (/Applications/CocosCreator/Creator/3.6.0/CocosCreator.app/Contents/Resources/resources/3d/engine/bin/.cache/dev/editor/bundled/index.js:140234:5)
    at _checkObsoleteByName (/Applications/CocosCreator/Creator/3.6.0/CocosCreator.app/Contents/Resources/resources/3d/engine/bin/.cache/dev/editor/bundled/index.js:164871:7)
    at __checkObsolete__ (/Applications/CocosCreator/Creator/3.6.0/CocosCreator.app/Contents/Resources/resources/3d/engine/bin/.cache/dev/editor/bundled/index.js:164891:7)
    at Object.execute (file:///Volumes/D/YAN/Numerology36/temp/programming/packer-driver/targets/editor/chunks/2a/2a1460822082015e061a5093f1db275a64c1f6fa.js:54:7)
    at doExec (/Applications/CocosCreator/Creator/3.6.0/CocosCreator.app/Contents/Resources/app.asar/node_modules/@editor/lib-programming/static/executor/systemjs-bridge/out/index.js:517:30)
    at postOrderExec (/Applications/CocosCreator/Creator/3.6.0/CocosCreator.app/Contents/Resources/app.asar/node_modules/@editor/lib-programming/static/executor/systemjs-bridge/out/index.js:508:21)
2022-09-08T09:04:26.258Z - warn: [Scene] 'ToggleComponent' is deprecated since v1.2.0, please use 'Toggle' instead.Error: [Scene] 'ToggleComponent' is deprecated since v1.2.0, please use 'Toggle' instead.
    at warn (/Applications/CocosCreator/Creator/3.6.0/CocosCreator.app/Contents/Resources/resources/3d/engine/bin/.cache/dev/editor/bundled/index.js:140020:12)
    at warnID (/Applications/CocosCreator/Creator/3.6.0/CocosCreator.app/Contents/Resources/resources/3d/engine/bin/.cache/dev/editor/bundled/index.js:140234:5)
    at _checkObsoleteByName (/Applications/CocosCreator/Creator/3.6.0/CocosCreator.app/Contents/Resources/resources/3d/engine/bin/.cache/dev/editor/bundled/index.js:164871:7)
    at __checkObsolete__ (/Applications/CocosCreator/Creator/3.6.0/CocosCreator.app/Contents/Resources/resources/3d/engine/bin/.cache/dev/editor/bundled/index.js:164891:7)
    at Object.execute (file:///Volumes/D/YAN/Numerology36/temp/programming/packer-driver/targets/editor/chunks/2a/2a1460822082015e061a5093f1db275a64c1f6fa.js:54:7)
    at doExec (/Applications/CocosCreator/Creator/3.6.0/CocosCreator.app/Contents/Resources/app.asar/node_modules/@editor/lib-programming/static/executor/systemjs-bridge/out/index.js:517:30)
    at postOrderExec (/Applications/CocosCreator/Creator/3.6.0/CocosCreator.app/Contents/Resources/app.asar/node_modules/@editor/lib-programming/static/executor/systemjs-bridge/out/index.js:508:21)
2022-09-08T09:05:17.720Z - warn: [Scene] 'ToggleContainerComponent' is deprecated since v1.2.0, please use 'ToggleContainer' instead.Error: [Scene] 'ToggleContainerComponent' is deprecated since v1.2.0, please use 'ToggleContainer' instead.
    at warn (/Applications/CocosCreator/Creator/3.6.0/CocosCreator.app/Contents/Resources/resources/3d/engine/bin/.cache/dev/editor/bundled/index.js:140020:12)
    at warnID (/Applications/CocosCreator/Creator/3.6.0/CocosCreator.app/Contents/Resources/resources/3d/engine/bin/.cache/dev/editor/bundled/index.js:140234:5)
    at _checkObsoleteByName (/Applications/CocosCreator/Creator/3.6.0/CocosCreator.app/Contents/Resources/resources/3d/engine/bin/.cache/dev/editor/bundled/index.js:164871:7)
    at __checkObsolete__ (/Applications/CocosCreator/Creator/3.6.0/CocosCreator.app/Contents/Resources/resources/3d/engine/bin/.cache/dev/editor/bundled/index.js:164891:7)
    at Object.execute (file:///Volumes/D/YAN/Numerology36/temp/programming/packer-driver/targets/editor/chunks/2a/2a1460822082015e061a5093f1db275a64c1f6fa.js:54:7)
    at doExec (/Applications/CocosCreator/Creator/3.6.0/CocosCreator.app/Contents/Resources/app.asar/node_modules/@editor/lib-programming/static/executor/systemjs-bridge/out/index.js:517:30)
    at postOrderExec (/Applications/CocosCreator/Creator/3.6.0/CocosCreator.app/Contents/Resources/app.asar/node_modules/@editor/lib-programming/static/executor/systemjs-bridge/out/index.js:508:21)
2022-09-08T09:05:17.720Z - warn: [Scene] 'ToggleComponent' is deprecated since v1.2.0, please use 'Toggle' instead.Error: [Scene] 'ToggleComponent' is deprecated since v1.2.0, please use 'Toggle' instead.
    at warn (/Applications/CocosCreator/Creator/3.6.0/CocosCreator.app/Contents/Resources/resources/3d/engine/bin/.cache/dev/editor/bundled/index.js:140020:12)
    at warnID (/Applications/CocosCreator/Creator/3.6.0/CocosCreator.app/Contents/Resources/resources/3d/engine/bin/.cache/dev/editor/bundled/index.js:140234:5)
    at _checkObsoleteByName (/Applications/CocosCreator/Creator/3.6.0/CocosCreator.app/Contents/Resources/resources/3d/engine/bin/.cache/dev/editor/bundled/index.js:164871:7)
    at __checkObsolete__ (/Applications/CocosCreator/Creator/3.6.0/CocosCreator.app/Contents/Resources/resources/3d/engine/bin/.cache/dev/editor/bundled/index.js:164891:7)
    at Object.execute (file:///Volumes/D/YAN/Numerology36/temp/programming/packer-driver/targets/editor/chunks/2a/2a1460822082015e061a5093f1db275a64c1f6fa.js:54:7)
    at doExec (/Applications/CocosCreator/Creator/3.6.0/CocosCreator.app/Contents/Resources/app.asar/node_modules/@editor/lib-programming/static/executor/systemjs-bridge/out/index.js:517:30)
    at postOrderExec (/Applications/CocosCreator/Creator/3.6.0/CocosCreator.app/Contents/Resources/app.asar/node_modules/@editor/lib-programming/static/executor/systemjs-bridge/out/index.js:508:21)
2022-09-08T09:07:16.022Z - warn: [Scene] 'ToggleContainerComponent' is deprecated since v1.2.0, please use 'ToggleContainer' instead.Error: [Scene] 'ToggleContainerComponent' is deprecated since v1.2.0, please use 'ToggleContainer' instead.
    at warn (/Applications/CocosCreator/Creator/3.6.0/CocosCreator.app/Contents/Resources/resources/3d/engine/bin/.cache/dev/editor/bundled/index.js:140020:12)
    at warnID (/Applications/CocosCreator/Creator/3.6.0/CocosCreator.app/Contents/Resources/resources/3d/engine/bin/.cache/dev/editor/bundled/index.js:140234:5)
    at _checkObsoleteByName (/Applications/CocosCreator/Creator/3.6.0/CocosCreator.app/Contents/Resources/resources/3d/engine/bin/.cache/dev/editor/bundled/index.js:164871:7)
    at __checkObsolete__ (/Applications/CocosCreator/Creator/3.6.0/CocosCreator.app/Contents/Resources/resources/3d/engine/bin/.cache/dev/editor/bundled/index.js:164891:7)
    at Object.execute (file:///Volumes/D/YAN/Numerology36/temp/programming/packer-driver/targets/editor/chunks/2a/2a1460822082015e061a5093f1db275a64c1f6fa.js:54:7)
    at doExec (/Applications/CocosCreator/Creator/3.6.0/CocosCreator.app/Contents/Resources/app.asar/node_modules/@editor/lib-programming/static/executor/systemjs-bridge/out/index.js:517:30)
    at postOrderExec (/Applications/CocosCreator/Creator/3.6.0/CocosCreator.app/Contents/Resources/app.asar/node_modules/@editor/lib-programming/static/executor/systemjs-bridge/out/index.js:508:21)
2022-09-08T09:07:16.023Z - warn: [Scene] 'ToggleComponent' is deprecated since v1.2.0, please use 'Toggle' instead.Error: [Scene] 'ToggleComponent' is deprecated since v1.2.0, please use 'Toggle' instead.
    at warn (/Applications/CocosCreator/Creator/3.6.0/CocosCreator.app/Contents/Resources/resources/3d/engine/bin/.cache/dev/editor/bundled/index.js:140020:12)
    at warnID (/Applications/CocosCreator/Creator/3.6.0/CocosCreator.app/Contents/Resources/resources/3d/engine/bin/.cache/dev/editor/bundled/index.js:140234:5)
    at _checkObsoleteByName (/Applications/CocosCreator/Creator/3.6.0/CocosCreator.app/Contents/Resources/resources/3d/engine/bin/.cache/dev/editor/bundled/index.js:164871:7)
    at __checkObsolete__ (/Applications/CocosCreator/Creator/3.6.0/CocosCreator.app/Contents/Resources/resources/3d/engine/bin/.cache/dev/editor/bundled/index.js:164891:7)
    at Object.execute (file:///Volumes/D/YAN/Numerology36/temp/programming/packer-driver/targets/editor/chunks/2a/2a1460822082015e061a5093f1db275a64c1f6fa.js:54:7)
    at doExec (/Applications/CocosCreator/Creator/3.6.0/CocosCreator.app/Contents/Resources/app.asar/node_modules/@editor/lib-programming/static/executor/systemjs-bridge/out/index.js:517:30)
    at postOrderExec (/Applications/CocosCreator/Creator/3.6.0/CocosCreator.app/Contents/Resources/app.asar/node_modules/@editor/lib-programming/static/executor/systemjs-bridge/out/index.js:508:21)
2022-09-08T09:07:55.379Z - warn: [Scene] 'ToggleContainerComponent' is deprecated since v1.2.0, please use 'ToggleContainer' instead.Error: [Scene] 'ToggleContainerComponent' is deprecated since v1.2.0, please use 'ToggleContainer' instead.
    at warn (/Applications/CocosCreator/Creator/3.6.0/CocosCreator.app/Contents/Resources/resources/3d/engine/bin/.cache/dev/editor/bundled/index.js:140020:12)
    at warnID (/Applications/CocosCreator/Creator/3.6.0/CocosCreator.app/Contents/Resources/resources/3d/engine/bin/.cache/dev/editor/bundled/index.js:140234:5)
    at _checkObsoleteByName (/Applications/CocosCreator/Creator/3.6.0/CocosCreator.app/Contents/Resources/resources/3d/engine/bin/.cache/dev/editor/bundled/index.js:164871:7)
    at __checkObsolete__ (/Applications/CocosCreator/Creator/3.6.0/CocosCreator.app/Contents/Resources/resources/3d/engine/bin/.cache/dev/editor/bundled/index.js:164891:7)
    at Object.execute (file:///Volumes/D/YAN/Numerology36/temp/programming/packer-driver/targets/editor/chunks/2a/2a1460822082015e061a5093f1db275a64c1f6fa.js:54:7)
    at doExec (/Applications/CocosCreator/Creator/3.6.0/CocosCreator.app/Contents/Resources/app.asar/node_modules/@editor/lib-programming/static/executor/systemjs-bridge/out/index.js:517:30)
    at postOrderExec (/Applications/CocosCreator/Creator/3.6.0/CocosCreator.app/Contents/Resources/app.asar/node_modules/@editor/lib-programming/static/executor/systemjs-bridge/out/index.js:508:21)
2022-09-08T09:07:55.380Z - warn: [Scene] 'ToggleComponent' is deprecated since v1.2.0, please use 'Toggle' instead.Error: [Scene] 'ToggleComponent' is deprecated since v1.2.0, please use 'Toggle' instead.
    at warn (/Applications/CocosCreator/Creator/3.6.0/CocosCreator.app/Contents/Resources/resources/3d/engine/bin/.cache/dev/editor/bundled/index.js:140020:12)
    at warnID (/Applications/CocosCreator/Creator/3.6.0/CocosCreator.app/Contents/Resources/resources/3d/engine/bin/.cache/dev/editor/bundled/index.js:140234:5)
    at _checkObsoleteByName (/Applications/CocosCreator/Creator/3.6.0/CocosCreator.app/Contents/Resources/resources/3d/engine/bin/.cache/dev/editor/bundled/index.js:164871:7)
    at __checkObsolete__ (/Applications/CocosCreator/Creator/3.6.0/CocosCreator.app/Contents/Resources/resources/3d/engine/bin/.cache/dev/editor/bundled/index.js:164891:7)
    at Object.execute (file:///Volumes/D/YAN/Numerology36/temp/programming/packer-driver/targets/editor/chunks/2a/2a1460822082015e061a5093f1db275a64c1f6fa.js:54:7)
    at doExec (/Applications/CocosCreator/Creator/3.6.0/CocosCreator.app/Contents/Resources/app.asar/node_modules/@editor/lib-programming/static/executor/systemjs-bridge/out/index.js:517:30)
    at postOrderExec (/Applications/CocosCreator/Creator/3.6.0/CocosCreator.app/Contents/Resources/app.asar/node_modules/@editor/lib-programming/static/executor/systemjs-bridge/out/index.js:508:21)
2022-09-08T09:11:13.328Z - warn: [Scene] 'ToggleContainerComponent' is deprecated since v1.2.0, please use 'ToggleContainer' instead.Error: [Scene] 'ToggleContainerComponent' is deprecated since v1.2.0, please use 'ToggleContainer' instead.
    at warn (/Applications/CocosCreator/Creator/3.6.0/CocosCreator.app/Contents/Resources/resources/3d/engine/bin/.cache/dev/editor/bundled/index.js:140020:12)
    at warnID (/Applications/CocosCreator/Creator/3.6.0/CocosCreator.app/Contents/Resources/resources/3d/engine/bin/.cache/dev/editor/bundled/index.js:140234:5)
    at _checkObsoleteByName (/Applications/CocosCreator/Creator/3.6.0/CocosCreator.app/Contents/Resources/resources/3d/engine/bin/.cache/dev/editor/bundled/index.js:164871:7)
    at __checkObsolete__ (/Applications/CocosCreator/Creator/3.6.0/CocosCreator.app/Contents/Resources/resources/3d/engine/bin/.cache/dev/editor/bundled/index.js:164891:7)
    at Object.execute (file:///Volumes/D/YAN/Numerology36/temp/programming/packer-driver/targets/editor/chunks/2a/2a1460822082015e061a5093f1db275a64c1f6fa.js:54:7)
    at doExec (/Applications/CocosCreator/Creator/3.6.0/CocosCreator.app/Contents/Resources/app.asar/node_modules/@editor/lib-programming/static/executor/systemjs-bridge/out/index.js:517:30)
    at postOrderExec (/Applications/CocosCreator/Creator/3.6.0/CocosCreator.app/Contents/Resources/app.asar/node_modules/@editor/lib-programming/static/executor/systemjs-bridge/out/index.js:508:21)
2022-09-08T09:11:13.328Z - warn: [Scene] 'ToggleComponent' is deprecated since v1.2.0, please use 'Toggle' instead.Error: [Scene] 'ToggleComponent' is deprecated since v1.2.0, please use 'Toggle' instead.
    at warn (/Applications/CocosCreator/Creator/3.6.0/CocosCreator.app/Contents/Resources/resources/3d/engine/bin/.cache/dev/editor/bundled/index.js:140020:12)
    at warnID (/Applications/CocosCreator/Creator/3.6.0/CocosCreator.app/Contents/Resources/resources/3d/engine/bin/.cache/dev/editor/bundled/index.js:140234:5)
    at _checkObsoleteByName (/Applications/CocosCreator/Creator/3.6.0/CocosCreator.app/Contents/Resources/resources/3d/engine/bin/.cache/dev/editor/bundled/index.js:164871:7)
    at __checkObsolete__ (/Applications/CocosCreator/Creator/3.6.0/CocosCreator.app/Contents/Resources/resources/3d/engine/bin/.cache/dev/editor/bundled/index.js:164891:7)
    at Object.execute (file:///Volumes/D/YAN/Numerology36/temp/programming/packer-driver/targets/editor/chunks/2a/2a1460822082015e061a5093f1db275a64c1f6fa.js:54:7)
    at doExec (/Applications/CocosCreator/Creator/3.6.0/CocosCreator.app/Contents/Resources/app.asar/node_modules/@editor/lib-programming/static/executor/systemjs-bridge/out/index.js:517:30)
    at postOrderExec (/Applications/CocosCreator/Creator/3.6.0/CocosCreator.app/Contents/Resources/app.asar/node_modules/@editor/lib-programming/static/executor/systemjs-bridge/out/index.js:508:21)
2022-09-08T09:11:47.581Z - warn: [Scene] 'ToggleContainerComponent' is deprecated since v1.2.0, please use 'ToggleContainer' instead.Error: [Scene] 'ToggleContainerComponent' is deprecated since v1.2.0, please use 'ToggleContainer' instead.
    at warn (/Applications/CocosCreator/Creator/3.6.0/CocosCreator.app/Contents/Resources/resources/3d/engine/bin/.cache/dev/editor/bundled/index.js:140020:12)
    at warnID (/Applications/CocosCreator/Creator/3.6.0/CocosCreator.app/Contents/Resources/resources/3d/engine/bin/.cache/dev/editor/bundled/index.js:140234:5)
    at _checkObsoleteByName (/Applications/CocosCreator/Creator/3.6.0/CocosCreator.app/Contents/Resources/resources/3d/engine/bin/.cache/dev/editor/bundled/index.js:164871:7)
    at __checkObsolete__ (/Applications/CocosCreator/Creator/3.6.0/CocosCreator.app/Contents/Resources/resources/3d/engine/bin/.cache/dev/editor/bundled/index.js:164891:7)
    at Object.execute (file:///Volumes/D/YAN/Numerology36/temp/programming/packer-driver/targets/editor/chunks/2a/2a1460822082015e061a5093f1db275a64c1f6fa.js:54:7)
    at doExec (/Applications/CocosCreator/Creator/3.6.0/CocosCreator.app/Contents/Resources/app.asar/node_modules/@editor/lib-programming/static/executor/systemjs-bridge/out/index.js:517:30)
    at postOrderExec (/Applications/CocosCreator/Creator/3.6.0/CocosCreator.app/Contents/Resources/app.asar/node_modules/@editor/lib-programming/static/executor/systemjs-bridge/out/index.js:508:21)
2022-09-08T09:11:47.581Z - warn: [Scene] 'ToggleComponent' is deprecated since v1.2.0, please use 'Toggle' instead.Error: [Scene] 'ToggleComponent' is deprecated since v1.2.0, please use 'Toggle' instead.
    at warn (/Applications/CocosCreator/Creator/3.6.0/CocosCreator.app/Contents/Resources/resources/3d/engine/bin/.cache/dev/editor/bundled/index.js:140020:12)
    at warnID (/Applications/CocosCreator/Creator/3.6.0/CocosCreator.app/Contents/Resources/resources/3d/engine/bin/.cache/dev/editor/bundled/index.js:140234:5)
    at _checkObsoleteByName (/Applications/CocosCreator/Creator/3.6.0/CocosCreator.app/Contents/Resources/resources/3d/engine/bin/.cache/dev/editor/bundled/index.js:164871:7)
    at __checkObsolete__ (/Applications/CocosCreator/Creator/3.6.0/CocosCreator.app/Contents/Resources/resources/3d/engine/bin/.cache/dev/editor/bundled/index.js:164891:7)
    at Object.execute (file:///Volumes/D/YAN/Numerology36/temp/programming/packer-driver/targets/editor/chunks/2a/2a1460822082015e061a5093f1db275a64c1f6fa.js:54:7)
    at doExec (/Applications/CocosCreator/Creator/3.6.0/CocosCreator.app/Contents/Resources/app.asar/node_modules/@editor/lib-programming/static/executor/systemjs-bridge/out/index.js:517:30)
    at postOrderExec (/Applications/CocosCreator/Creator/3.6.0/CocosCreator.app/Contents/Resources/app.asar/node_modules/@editor/lib-programming/static/executor/systemjs-bridge/out/index.js:508:21)
2022-09-08T09:27:38.439Z - warn: [Scene] 'ToggleContainerComponent' is deprecated since v1.2.0, please use 'ToggleContainer' instead.Error: [Scene] 'ToggleContainerComponent' is deprecated since v1.2.0, please use 'ToggleContainer' instead.
    at warn (/Applications/CocosCreator/Creator/3.6.0/CocosCreator.app/Contents/Resources/resources/3d/engine/bin/.cache/dev/editor/bundled/index.js:140020:12)
    at warnID (/Applications/CocosCreator/Creator/3.6.0/CocosCreator.app/Contents/Resources/resources/3d/engine/bin/.cache/dev/editor/bundled/index.js:140234:5)
    at _checkObsoleteByName (/Applications/CocosCreator/Creator/3.6.0/CocosCreator.app/Contents/Resources/resources/3d/engine/bin/.cache/dev/editor/bundled/index.js:164871:7)
    at __checkObsolete__ (/Applications/CocosCreator/Creator/3.6.0/CocosCreator.app/Contents/Resources/resources/3d/engine/bin/.cache/dev/editor/bundled/index.js:164891:7)
    at Object.execute (file:///Volumes/D/YAN/Numerology36/temp/programming/packer-driver/targets/editor/chunks/2a/2a1460822082015e061a5093f1db275a64c1f6fa.js:54:7)
    at doExec (/Applications/CocosCreator/Creator/3.6.0/CocosCreator.app/Contents/Resources/app.asar/node_modules/@editor/lib-programming/static/executor/systemjs-bridge/out/index.js:517:30)
    at postOrderExec (/Applications/CocosCreator/Creator/3.6.0/CocosCreator.app/Contents/Resources/app.asar/node_modules/@editor/lib-programming/static/executor/systemjs-bridge/out/index.js:508:21)
2022-09-08T09:27:38.440Z - warn: [Scene] 'ToggleComponent' is deprecated since v1.2.0, please use 'Toggle' instead.Error: [Scene] 'ToggleComponent' is deprecated since v1.2.0, please use 'Toggle' instead.
    at warn (/Applications/CocosCreator/Creator/3.6.0/CocosCreator.app/Contents/Resources/resources/3d/engine/bin/.cache/dev/editor/bundled/index.js:140020:12)
    at warnID (/Applications/CocosCreator/Creator/3.6.0/CocosCreator.app/Contents/Resources/resources/3d/engine/bin/.cache/dev/editor/bundled/index.js:140234:5)
    at _checkObsoleteByName (/Applications/CocosCreator/Creator/3.6.0/CocosCreator.app/Contents/Resources/resources/3d/engine/bin/.cache/dev/editor/bundled/index.js:164871:7)
    at __checkObsolete__ (/Applications/CocosCreator/Creator/3.6.0/CocosCreator.app/Contents/Resources/resources/3d/engine/bin/.cache/dev/editor/bundled/index.js:164891:7)
    at Object.execute (file:///Volumes/D/YAN/Numerology36/temp/programming/packer-driver/targets/editor/chunks/2a/2a1460822082015e061a5093f1db275a64c1f6fa.js:54:7)
    at doExec (/Applications/CocosCreator/Creator/3.6.0/CocosCreator.app/Contents/Resources/app.asar/node_modules/@editor/lib-programming/static/executor/systemjs-bridge/out/index.js:517:30)
    at postOrderExec (/Applications/CocosCreator/Creator/3.6.0/CocosCreator.app/Contents/Resources/app.asar/node_modules/@editor/lib-programming/static/executor/systemjs-bridge/out/index.js:508:21)
